C:\USERS\KOSTA\DESKTOP\PWANDA\REGFSNOTIFY_이름비교_미완_연주핼\RELEASE\CHECKSTATE.OBJ
C:\USERS\KOSTA\DESKTOP\PWANDA\REGFSNOTIFY_이름비교_미완_연주핼\RELEASE\EXTRACTPROCESSNAME.OBJ
C:\USERS\KOSTA\DESKTOP\PWANDA\REGFSNOTIFY_이름비교_미완_연주핼\RELEASE\FILE.OBJ
C:\USERS\KOSTA\DESKTOP\PWANDA\REGFSNOTIFY_이름비교_미완_연주핼\RELEASE\PROCESSCONTROL.OBJ
C:\USERS\KOSTA\DESKTOP\PWANDA\REGFSNOTIFY_이름비교_미완_연주핼\RELEASE\REG.OBJ
C:\USERS\KOSTA\DESKTOP\PWANDA\REGFSNOTIFY_이름비교_미완_연주핼\RELEASE\REGFSNOTIFY.EXE
C:\USERS\KOSTA\DESKTOP\PWANDA\REGFSNOTIFY_이름비교_미완_연주핼\RELEASE\REGFSNOTIFY.EXE.INTERMEDIATE.MANIFEST
C:\USERS\KOSTA\DESKTOP\PWANDA\REGFSNOTIFY_이름비교_미완_연주핼\RELEASE\REGFSNOTIFY.OBJ
C:\USERS\KOSTA\DESKTOP\PWANDA\REGFSNOTIFY_이름비교_미완_연주핼\RELEASE\REGFSNOTIFY.PDB
C:\USERS\KOSTA\DESKTOP\PWANDA\REGFSNOTIFY_이름비교_미완_연주핼\RELEASE\SETUSER.OBJ
C:\USERS\KOSTA\DESKTOP\PWANDA\REGFSNOTIFY_이름비교_미완_연주핼\RELEASE\VC100.PDB
C:\USERS\KOSTA\DOCUMENTS\PWANDA-VER.2\2차 모니터링\REGFSNOTIFY\RELEASE\AUTORUN.OBJ
C:\USERS\KOSTA\DOCUMENTS\PWANDA-VER.2\2차 모니터링\REGFSNOTIFY\RELEASE\CHECKSTATE.OBJ
C:\USERS\KOSTA\DOCUMENTS\PWANDA-VER.2\2차 모니터링\REGFSNOTIFY\RELEASE\CREATEDUMMY.OBJ
C:\USERS\KOSTA\DOCUMENTS\PWANDA-VER.2\2차 모니터링\REGFSNOTIFY\RELEASE\EXTRACTPROCESSNAME.OBJ
C:\USERS\KOSTA\DOCUMENTS\PWANDA-VER.2\2차 모니터링\REGFSNOTIFY\RELEASE\FILE.OBJ
C:\USERS\KOSTA\DOCUMENTS\PWANDA-VER.2\2차 모니터링\REGFSNOTIFY\RELEASE\PROCESSCONTROL.OBJ
C:\USERS\KOSTA\DOCUMENTS\PWANDA-VER.2\2차 모니터링\REGFSNOTIFY\RELEASE\REG.OBJ
C:\USERS\KOSTA\DOCUMENTS\PWANDA-VER.2\2차 모니터링\REGFSNOTIFY\RELEASE\REGFSNOTIFY.EXE
C:\USERS\KOSTA\DOCUMENTS\PWANDA-VER.2\2차 모니터링\REGFSNOTIFY\RELEASE\REGFSNOTIFY.EXE.INTERMEDIATE.MANIFEST
C:\USERS\KOSTA\DOCUMENTS\PWANDA-VER.2\2차 모니터링\REGFSNOTIFY\RELEASE\REGFSNOTIFY.OBJ
C:\USERS\KOSTA\DOCUMENTS\PWANDA-VER.2\2차 모니터링\REGFSNOTIFY\RELEASE\REGFSNOTIFY.PDB
C:\USERS\KOSTA\DOCUMENTS\PWANDA-VER.2\2차 모니터링\REGFSNOTIFY\RELEASE\SETUSER.OBJ
C:\USERS\KOSTA\DOCUMENTS\PWANDA-VER.2\2차 모니터링\REGFSNOTIFY\RELEASE\VC100.PDB
C:\Users\kosta\Documents\Pwanda-ver.2\RegFsNotify_더미생성_1차완료\Release\autoRun.obj
C:\USERS\KOSTA\DOCUMENTS\PWANDA-VER.2\REGFSNOTIFY_더미생성_1차완료\RELEASE\CHECKSTATE.OBJ
C:\Users\kosta\Documents\Pwanda-ver.2\RegFsNotify_더미생성_1차완료\Release\cl.command.1.tlog
C:\Users\kosta\Documents\Pwanda-ver.2\RegFsNotify_더미생성_1차완료\Release\CL.read.1.tlog
C:\Users\kosta\Documents\Pwanda-ver.2\RegFsNotify_더미생성_1차완료\Release\CL.write.1.tlog
C:\USERS\KOSTA\DOCUMENTS\PWANDA-VER.2\REGFSNOTIFY_더미생성_1차완료\RELEASE\CREATEDUMMY.OBJ
C:\USERS\KOSTA\DOCUMENTS\PWANDA-VER.2\REGFSNOTIFY_더미생성_1차완료\RELEASE\EXTRACTPROCESSNAME.OBJ
C:\USERS\KOSTA\DOCUMENTS\PWANDA-VER.2\REGFSNOTIFY_더미생성_1차완료\RELEASE\FILE.OBJ
C:\Users\kosta\Documents\Pwanda-ver.2\RegFsNotify_더미생성_1차완료\Release\link.command.1.tlog
C:\Users\kosta\Documents\Pwanda-ver.2\RegFsNotify_더미생성_1차완료\Release\link.read.1.tlog
C:\Users\kosta\Documents\Pwanda-ver.2\RegFsNotify_더미생성_1차완료\Release\link.write.1.tlog
C:\Users\kosta\Documents\Pwanda-ver.2\RegFsNotify_더미생성_1차완료\Release\mt.command.1.tlog
C:\Users\kosta\Documents\Pwanda-ver.2\RegFsNotify_더미생성_1차완료\Release\mt.read.1.tlog
C:\Users\kosta\Documents\Pwanda-ver.2\RegFsNotify_더미생성_1차완료\Release\mt.write.1.tlog
C:\USERS\KOSTA\DOCUMENTS\PWANDA-VER.2\REGFSNOTIFY_더미생성_1차완료\RELEASE\PROCESSCONTROL.OBJ
C:\USERS\KOSTA\DOCUMENTS\PWANDA-VER.2\REGFSNOTIFY_더미생성_1차완료\RELEASE\REG.OBJ
C:\USERS\KOSTA\DOCUMENTS\PWANDA-VER.2\REGFSNOTIFY_더미생성_1차완료\RELEASE\REGFSNOTIFY.EXE
C:\USERS\KOSTA\DOCUMENTS\PWANDA-VER.2\REGFSNOTIFY_더미생성_1차완료\RELEASE\REGFSNOTIFY.EXE.INTERMEDIATE.MANIFEST
C:\USERS\KOSTA\DOCUMENTS\PWANDA-VER.2\REGFSNOTIFY_더미생성_1차완료\RELEASE\REGFSNOTIFY.OBJ
C:\USERS\KOSTA\DOCUMENTS\PWANDA-VER.2\REGFSNOTIFY_더미생성_1차완료\RELEASE\REGFSNOTIFY.PDB
C:\Users\kosta\Documents\Pwanda-ver.2\RegFsNotify_더미생성_1차완료\Release\RegFsNotify.vcxprojResolveAssemblyReference.cache
C:\Users\kosta\Documents\Pwanda-ver.2\RegFsNotify_더미생성_1차완료\Release\RegFsNotify.write.1.tlog
C:\USERS\KOSTA\DOCUMENTS\PWANDA-VER.2\REGFSNOTIFY_더미생성_1차완료\RELEASE\SETUSER.OBJ
C:\USERS\KOSTA\DOCUMENTS\PWANDA-VER.2\REGFSNOTIFY_더미생성_1차완료\RELEASE\VC100.PDB
