C:\USERS\KOSTA\DOCUMENTS\PWANDA-VER.2 백업\REGFSNOTIFY_코드 병합\RELEASE\AUTORUN.OBJ
C:\USERS\KOSTA\DOCUMENTS\PWANDA-VER.2 백업\REGFSNOTIFY_코드 병합\RELEASE\CHECKSTATE.OBJ
C:\Users\kosta\Documents\Pwanda-ver.2 백업\RegFsNotify_코드 병합\Release\cl.command.1.tlog
C:\Users\kosta\Documents\Pwanda-ver.2 백업\RegFsNotify_코드 병합\Release\CL.read.1.tlog
C:\Users\kosta\Documents\Pwanda-ver.2 백업\RegFsNotify_코드 병합\Release\CL.write.1.tlog
C:\USERS\KOSTA\DOCUMENTS\PWANDA-VER.2 백업\REGFSNOTIFY_코드 병합\RELEASE\CREATEDUMMY.OBJ
C:\USERS\KOSTA\DOCUMENTS\PWANDA-VER.2 백업\REGFSNOTIFY_코드 병합\RELEASE\DELETEFILEREG.OBJ
C:\USERS\KOSTA\DOCUMENTS\PWANDA-VER.2 백업\REGFSNOTIFY_코드 병합\RELEASE\DUMMYDB.OBJ
C:\USERS\KOSTA\DOCUMENTS\PWANDA-VER.2 백업\REGFSNOTIFY_코드 병합\RELEASE\EXTRACTPROCESS.OBJ
C:\USERS\KOSTA\DOCUMENTS\PWANDA-VER.2 백업\REGFSNOTIFY_코드 병합\RELEASE\FILE.OBJ
C:\Users\kosta\Documents\Pwanda-ver.2 백업\RegFsNotify_코드 병합\Release\link.command.1.tlog
C:\Users\kosta\Documents\Pwanda-ver.2 백업\RegFsNotify_코드 병합\Release\link.read.1.tlog
C:\Users\kosta\Documents\Pwanda-ver.2 백업\RegFsNotify_코드 병합\Release\link.write.1.tlog
C:\Users\kosta\Documents\Pwanda-ver.2 백업\RegFsNotify_코드 병합\Release\mt.command.1.tlog
C:\Users\kosta\Documents\Pwanda-ver.2 백업\RegFsNotify_코드 병합\Release\mt.read.1.tlog
C:\Users\kosta\Documents\Pwanda-ver.2 백업\RegFsNotify_코드 병합\Release\mt.write.1.tlog
C:\USERS\KOSTA\DOCUMENTS\PWANDA-VER.2 백업\REGFSNOTIFY_코드 병합\RELEASE\PROCESSCONTROL.OBJ
C:\USERS\KOSTA\DOCUMENTS\PWANDA-VER.2 백업\REGFSNOTIFY_코드 병합\RELEASE\REG.OBJ
C:\USERS\KOSTA\DOCUMENTS\PWANDA-VER.2 백업\REGFSNOTIFY_코드 병합\RELEASE\REGFSNOTIFY.EXE
C:\USERS\KOSTA\DOCUMENTS\PWANDA-VER.2 백업\REGFSNOTIFY_코드 병합\RELEASE\REGFSNOTIFY.EXE.INTERMEDIATE.MANIFEST
C:\USERS\KOSTA\DOCUMENTS\PWANDA-VER.2 백업\REGFSNOTIFY_코드 병합\RELEASE\REGFSNOTIFY.OBJ
C:\USERS\KOSTA\DOCUMENTS\PWANDA-VER.2 백업\REGFSNOTIFY_코드 병합\RELEASE\REGFSNOTIFY.PDB
C:\Users\kosta\Documents\Pwanda-ver.2 백업\RegFsNotify_코드 병합\Release\RegFsNotify.write.1.tlog
C:\USERS\KOSTA\DOCUMENTS\PWANDA-VER.2 백업\REGFSNOTIFY_코드 병합\RELEASE\SETUSER.OBJ
C:\USERS\KOSTA\DOCUMENTS\PWANDA-VER.2 백업\REGFSNOTIFY_코드 병합\RELEASE\VC100.PDB
