빌드 시작: 2016-07-20 오후 1:38:29
     1>2 노드의 "C:\Users\kosta\Documents\Pwanda-ver.2 백업\RegFsNotify_더미_알고리즘구현_완료\RegFsNotify.vcxproj" 프로젝트(build 대상)입니다.
     1>InitializeBuildStatus:
         "Release\RegFsNotify.unsuccessfulbuild"에 연결(touching)하고 있습니다.
       ClCompile:
         모든 출력이 최신 상태입니다.
       Link:
         C:\Program Files (x86)\Microsoft Visual Studio 10.0\VC\bin\link.exe /ERRORREPORT:PROMPT /OUT:"C:\Users\kosta\Documents\Pwanda-ver.2 백업\RegFsNotify_더미_알고리즘구현_완료\Release\RegFsNotify.exe" /INCREMENTAL:NO /NOLOGO kernel32.lib user32.lib gdi32.lib winspool.lib comdlg32.lib advapi32.lib shell32.lib ole32.lib oleaut32.lib uuid.lib odbc32.lib odbccp32.lib /MANIFEST /ManifestFile:"Release\RegFsNotify.exe.intermediate.manifest" /MANIFESTUAC:"level='asInvoker' uiAccess='false'" /DEBUG /PDB:"C:\Users\kosta\Documents\Pwanda-ver.2 백업\RegFsNotify_더미_알고리즘구현_완료\Release\RegFsNotify.pdb" /SUBSYSTEM:CONSOLE /OPT:REF /OPT:ICF /LTCG /TLBID:1 /DYNAMICBASE /NXCOMPAT /IMPLIB:"C:\Users\kosta\Documents\Pwanda-ver.2 백업\RegFsNotify_더미_알고리즘구현_완료\Release\RegFsNotify.lib" /MACHINE:X86 Release\autoRun.obj
         Release\checkState.obj
         Release\createDummy.obj
         Release\deleteFileReg.obj
         Release\dummyDB.obj
         Release\extractProcessName.obj
         Release\file.obj
         Release\processControl.obj
         Release\reg.obj
         Release\RegFsNotify.obj
         Release\setUser.obj
         코드를 생성하고 있습니다.
         코드를 생성했습니다.
         RegFsNotify.vcxproj -> C:\Users\kosta\Documents\Pwanda-ver.2 백업\RegFsNotify_더미_알고리즘구현_완료\Release\RegFsNotify.exe
       Manifest:
         C:\Program Files (x86)\Microsoft SDKs\Windows\v7.0A\bin\mt.exe /nologo /verbose /outputresource:"C:\Users\kosta\Documents\Pwanda-ver.2 백업\RegFsNotify_더미_알고리즘구현_완료\Release\RegFsNotify.exe;#1" /manifest Release\RegFsNotify.exe.intermediate.manifest
       FinalizeBuildStatus:
         "Release\RegFsNotify.unsuccessfulbuild" 파일을 삭제하고 있습니다.
         "Release\RegFsNotify.lastbuildstate"에 연결(touching)하고 있습니다.
     1>"C:\Users\kosta\Documents\Pwanda-ver.2 백업\RegFsNotify_더미_알고리즘구현_완료\RegFsNotify.vcxproj" 프로젝트를 빌드했습니다(build 대상).

빌드했습니다.

경과 시간: 00:00:00.53
