빌드 시작: 2016-07-18 오후 2:21:46
     1>2 노드의 "C:\Users\kosta\Documents\Visual Studio 2010\Projects\RegFsNotify_더미파일생성\RegFsNotify.vcxproj" 프로젝트(build 대상)입니다.
     1>InitializeBuildStatus:
         "AlwaysCreate"이(가) 지정되었기 때문에 "Release\RegFsNotify.unsuccessfulbuild"을(를) 만들고 있습니다.
       ClCompile:
         C:\Program Files (x86)\Microsoft Visual Studio 10.0\VC\bin\CL.exe /c /Zi /nologo /W3 /WX- /O2 /Oi /Oy- /GL /D WIN32 /D NDEBUG /D _CONSOLE /D _UNICODE /D UNICODE /Gm- /EHsc /MT /GS /Gy /fp:precise /Zc:wchar_t /Zc:forScope /Fo"Release\\" /Fd"Release\vc100.pdb" /Gd /TP /analyze- /errorReport:prompt RegFsNotify.cpp checkState.cpp createDummy.cpp extractProcessName.cpp file.cpp processControl.cpp reg.cpp setUser.cpp
         RegFsNotify.cpp
     1>c:\users\kosta\documents\visual studio 2010\projects\regfsnotify_더미파일생성\mon.h(82): warning C4129: 'R' : 문자 이스케이프 시퀀스를 인식할 수 없습니다.
     1>c:\users\kosta\documents\visual studio 2010\projects\regfsnotify_더미파일생성\mon.h(86): warning C4129: 'P' : 문자 이스케이프 시퀀스를 인식할 수 없습니다.
     1>RegFsNotify.cpp(19): warning C4101: 'cb' :참조되지 않은 지역 변수입니다.
         checkState.cpp
     1>c:\users\kosta\documents\visual studio 2010\projects\regfsnotify_더미파일생성\mon.h(82): warning C4129: 'R' : 문자 이스케이프 시퀀스를 인식할 수 없습니다.
     1>c:\users\kosta\documents\visual studio 2010\projects\regfsnotify_더미파일생성\mon.h(86): warning C4129: 'P' : 문자 이스케이프 시퀀스를 인식할 수 없습니다.
         createDummy.cpp
     1>c:\users\kosta\documents\visual studio 2010\projects\regfsnotify_더미파일생성\mon.h(82): warning C4129: 'R' : 문자 이스케이프 시퀀스를 인식할 수 없습니다.
     1>c:\users\kosta\documents\visual studio 2010\projects\regfsnotify_더미파일생성\mon.h(86): warning C4129: 'P' : 문자 이스케이프 시퀀스를 인식할 수 없습니다.
     1>createDummy.cpp(25): warning C4244: '인수' : 'time_t'에서 'unsigned int'(으)로 변환하면서 데이터가 손실될 수 있습니다.
     1>createDummy.cpp(31): warning C4244: '=' : 'DWORD'에서 'TCHAR'(으)로 변환하면서 데이터가 손실될 수 있습니다.
     1>createDummy.cpp(39): warning C4244: '=' : 'DWORD'에서 'TCHAR'(으)로 변환하면서 데이터가 손실될 수 있습니다.
     1>createDummy.cpp(62): warning C4996: 'wcscpy': This function or variable may be unsafe. Consider using wcscpy_s instead. To disable deprecation, use _CRT_SECURE_NO_WARNINGS. See online help for details.
                 C:\Program Files (x86)\Microsoft Visual Studio 10.0\VC\include\string.h(283) : 'wcscpy' 선언을 참조하십시오.
     1>createDummy.cpp(63): warning C4996: 'wcscat': This function or variable may be unsafe. Consider using wcscat_s instead. To disable deprecation, use _CRT_SECURE_NO_WARNINGS. See online help for details.
                 C:\Program Files (x86)\Microsoft Visual Studio 10.0\VC\include\string.h(276) : 'wcscat' 선언을 참조하십시오.
     1>createDummy.cpp(64): warning C4996: 'wcscat': This function or variable may be unsafe. Consider using wcscat_s instead. To disable deprecation, use _CRT_SECURE_NO_WARNINGS. See online help for details.
                 C:\Program Files (x86)\Microsoft Visual Studio 10.0\VC\include\string.h(276) : 'wcscat' 선언을 참조하십시오.
     1>createDummy.cpp(67): warning C4996: 'wcscpy': This function or variable may be unsafe. Consider using wcscpy_s instead. To disable deprecation, use _CRT_SECURE_NO_WARNINGS. See online help for details.
                 C:\Program Files (x86)\Microsoft Visual Studio 10.0\VC\include\string.h(283) : 'wcscpy' 선언을 참조하십시오.
     1>createDummy.cpp(68): warning C4996: 'wcscat': This function or variable may be unsafe. Consider using wcscat_s instead. To disable deprecation, use _CRT_SECURE_NO_WARNINGS. See online help for details.
                 C:\Program Files (x86)\Microsoft Visual Studio 10.0\VC\include\string.h(276) : 'wcscat' 선언을 참조하십시오.
         extractProcessName.cpp
     1>c:\users\kosta\documents\visual studio 2010\projects\regfsnotify_더미파일생성\mon.h(82): warning C4129: 'R' : 문자 이스케이프 시퀀스를 인식할 수 없습니다.
     1>c:\users\kosta\documents\visual studio 2010\projects\regfsnotify_더미파일생성\mon.h(86): warning C4129: 'P' : 문자 이스케이프 시퀀스를 인식할 수 없습니다.
     1>extractProcessName.cpp(49): warning C4996: 'wcsncpy': This function or variable may be unsafe. Consider using wcsncpy_s instead. To disable deprecation, use _CRT_SECURE_NO_WARNINGS. See online help for details.
                 C:\Program Files (x86)\Microsoft Visual Studio 10.0\VC\include\string.h(306) : 'wcsncpy' 선언을 참조하십시오.
     1>extractProcessName.cpp(58): warning C4996: 'wcsncpy': This function or variable may be unsafe. Consider using wcsncpy_s instead. To disable deprecation, use _CRT_SECURE_NO_WARNINGS. See online help for details.
                 C:\Program Files (x86)\Microsoft Visual Studio 10.0\VC\include\string.h(306) : 'wcsncpy' 선언을 참조하십시오.
     1>extractProcessName.cpp(64): warning C4996: 'wcsncpy': This function or variable may be unsafe. Consider using wcsncpy_s instead. To disable deprecation, use _CRT_SECURE_NO_WARNINGS. See online help for details.
                 C:\Program Files (x86)\Microsoft Visual Studio 10.0\VC\include\string.h(306) : 'wcsncpy' 선언을 참조하십시오.
     1>extractProcessName.cpp(70): warning C4996: 'wcsncpy': This function or variable may be unsafe. Consider using wcsncpy_s instead. To disable deprecation, use _CRT_SECURE_NO_WARNINGS. See online help for details.
                 C:\Program Files (x86)\Microsoft Visual Studio 10.0\VC\include\string.h(306) : 'wcsncpy' 선언을 참조하십시오.
         file.cpp
     1>c:\users\kosta\documents\visual studio 2010\projects\regfsnotify_더미파일생성\mon.h(82): warning C4129: 'R' : 문자 이스케이프 시퀀스를 인식할 수 없습니다.
     1>c:\users\kosta\documents\visual studio 2010\projects\regfsnotify_더미파일생성\mon.h(86): warning C4129: 'P' : 문자 이스케이프 시퀀스를 인식할 수 없습니다.
     1>file.cpp(146): warning C4018: '<' : signed 또는 unsigned가 일치하지 않습니다.
     1>file.cpp(165): warning C4018: '<' : signed 또는 unsigned가 일치하지 않습니다.
         processControl.cpp
     1>c:\users\kosta\documents\visual studio 2010\projects\regfsnotify_더미파일생성\mon.h(82): warning C4129: 'R' : 문자 이스케이프 시퀀스를 인식할 수 없습니다.
     1>c:\users\kosta\documents\visual studio 2010\projects\regfsnotify_더미파일생성\mon.h(86): warning C4129: 'P' : 문자 이스케이프 시퀀스를 인식할 수 없습니다.
         reg.cpp
     1>c:\users\kosta\documents\visual studio 2010\projects\regfsnotify_더미파일생성\mon.h(82): warning C4129: 'R' : 문자 이스케이프 시퀀스를 인식할 수 없습니다.
     1>c:\users\kosta\documents\visual studio 2010\projects\regfsnotify_더미파일생성\mon.h(86): warning C4129: 'P' : 문자 이스케이프 시퀀스를 인식할 수 없습니다.
     1>reg.cpp(46): warning C4101: 'cbName' :참조되지 않은 지역 변수입니다.
     1>reg.cpp(223): warning C4129: 'M' : 문자 이스케이프 시퀀스를 인식할 수 없습니다.
         setUser.cpp
     1>c:\users\kosta\documents\visual studio 2010\projects\regfsnotify_더미파일생성\mon.h(82): warning C4129: 'R' : 문자 이스케이프 시퀀스를 인식할 수 없습니다.
     1>c:\users\kosta\documents\visual studio 2010\projects\regfsnotify_더미파일생성\mon.h(86): warning C4129: 'P' : 문자 이스케이프 시퀀스를 인식할 수 없습니다.
       Link:
         C:\Program Files (x86)\Microsoft Visual Studio 10.0\VC\bin\link.exe /ERRORREPORT:PROMPT /OUT:"C:\Users\kosta\Documents\Visual Studio 2010\Projects\RegFsNotify_더미파일생성\Release\RegFsNotify.exe" /INCREMENTAL:NO /NOLOGO kernel32.lib user32.lib gdi32.lib winspool.lib comdlg32.lib advapi32.lib shell32.lib ole32.lib oleaut32.lib uuid.lib odbc32.lib odbccp32.lib kernel32.lib user32.lib gdi32.lib winspool.lib comdlg32.lib advapi32.lib shell32.lib ole32.lib oleaut32.lib uuid.lib odbc32.lib odbccp32.lib /MANIFEST /ManifestFile:"Release\RegFsNotify.exe.intermediate.manifest" /MANIFESTUAC:"level='asInvoker' uiAccess='false'" /DEBUG /PDB:"C:\Users\kosta\Documents\Visual Studio 2010\Projects\RegFsNotify_더미파일생성\Release\RegFsNotify.pdb" /SUBSYSTEM:CONSOLE /OPT:REF /OPT:ICF /LTCG /TLBID:1 /DYNAMICBASE /NXCOMPAT /IMPLIB:"C:\Users\kosta\Documents\Visual Studio 2010\Projects\RegFsNotify_더미파일생성\Release\RegFsNotify.lib" /MACHINE:X86 Release\checkState.obj
         Release\createDummy.obj
         Release\extractProcessName.obj
         Release\file.obj
         Release\processControl.obj
         Release\reg.obj
         Release\RegFsNotify.obj
         Release\setUser.obj
         코드를 생성하고 있습니다.
         코드를 생성했습니다.
         RegFsNotify.vcxproj -> C:\Users\kosta\Documents\Visual Studio 2010\Projects\RegFsNotify_더미파일생성\Release\RegFsNotify.exe
       Manifest:
         C:\Program Files (x86)\Microsoft SDKs\Windows\v7.0A\bin\mt.exe /nologo /verbose /outputresource:"C:\Users\kosta\Documents\Visual Studio 2010\Projects\RegFsNotify_더미파일생성\Release\RegFsNotify.exe;#1" /manifest Release\RegFsNotify.exe.intermediate.manifest
       FinalizeBuildStatus:
         "Release\RegFsNotify.unsuccessfulbuild" 파일을 삭제하고 있습니다.
         "Release\RegFsNotify.lastbuildstate"에 연결(touching)하고 있습니다.
     1>"C:\Users\kosta\Documents\Visual Studio 2010\Projects\RegFsNotify_더미파일생성\RegFsNotify.vcxproj" 프로젝트를 빌드했습니다(build 대상).

빌드했습니다.

경과 시간: 00:00:05.12
