빌드 시작: 2016-07-18 오후 5:10:33
     1>2 노드의 "C:\Users\kosta\Documents\2차 모니터링\RegFsNotify\RegFsNotify.vcxproj" 프로젝트(build 대상)입니다.
     1>InitializeBuildStatus:
         "AlwaysCreate"이(가) 지정되었기 때문에 "Debug\RegFsNotify.unsuccessfulbuild"을(를) 만들고 있습니다.
       ClCompile:
         C:\Program Files (x86)\Microsoft Visual Studio 10.0\VC\bin\CL.exe /c /ZI /nologo /W3 /WX- /Od /Oy- /D WIN32 /D _DEBUG /D _CONSOLE /D _UNICODE /D UNICODE /Gm /EHsc /RTC1 /MDd /GS /fp:precise /Zc:wchar_t /Zc:forScope /Fo"Debug\\" /Fd"Debug\vc100.pdb" /Gd /TP /analyze- /errorReport:prompt file.cpp
         file.cpp
     1>c:\users\kosta\documents\2차 모니터링\regfsnotify\mon.h(84): warning C4129: 'R' : 문자 이스케이프 시퀀스를 인식할 수 없습니다.
     1>c:\users\kosta\documents\2차 모니터링\regfsnotify\mon.h(88): warning C4129: 'P' : 문자 이스케이프 시퀀스를 인식할 수 없습니다.
     1>c:\users\kosta\documents\2차 모니터링\regfsnotify\file.cpp(143): warning C4018: '<' : signed 또는 unsigned가 일치하지 않습니다.
     1>c:\users\kosta\documents\2차 모니터링\regfsnotify\file.cpp(162): warning C4018: '<' : signed 또는 unsigned가 일치하지 않습니다.
       ManifestResourceCompile:
         모든 출력이 최신 상태입니다.
       Link:
         C:\Program Files (x86)\Microsoft Visual Studio 10.0\VC\bin\link.exe /ERRORREPORT:PROMPT /OUT:"C:\Users\kosta\Documents\2차 모니터링\RegFsNotify\Debug\RegFsNotify.exe" /INCREMENTAL /NOLOGO kernel32.lib user32.lib gdi32.lib winspool.lib comdlg32.lib advapi32.lib shell32.lib ole32.lib oleaut32.lib uuid.lib odbc32.lib odbccp32.lib /MANIFEST /ManifestFile:"Debug\RegFsNotify.exe.intermediate.manifest" /MANIFESTUAC:"level='asInvoker' uiAccess='false'" /DEBUG /PDB:"C:\Users\kosta\Documents\2차 모니터링\RegFsNotify\Debug\RegFsNotify.pdb" /SUBSYSTEM:CONSOLE /TLBID:1 /DYNAMICBASE /NXCOMPAT /IMPLIB:"C:\Users\kosta\Documents\2차 모니터링\RegFsNotify\Debug\RegFsNotify.lib" /MACHINE:X86 Debug\RegFsNotify.exe.embed.manifest.res
         Debug\checkState.obj
         Debug\createDummy.obj
         Debug\extractProcessName.obj
         Debug\file.obj
         Debug\processControl.obj
         Debug\reg.obj
         Debug\RegFsNotify.obj
         Debug\setUser.obj
       Manifest:
         C:\Program Files (x86)\Microsoft SDKs\Windows\v7.0A\bin\mt.exe /nologo /verbose /out:"Debug\RegFsNotify.exe.embed.manifest" /manifest Debug\RegFsNotify.exe.intermediate.manifest
         모든 출력이 최신 상태입니다.
       LinkEmbedManifest:
         모든 출력이 최신 상태입니다.
         RegFsNotify.vcxproj -> C:\Users\kosta\Documents\2차 모니터링\RegFsNotify\Debug\RegFsNotify.exe
       FinalizeBuildStatus:
         "Debug\RegFsNotify.unsuccessfulbuild" 파일을 삭제하고 있습니다.
         "Debug\RegFsNotify.lastbuildstate"에 연결(touching)하고 있습니다.
     1>"C:\Users\kosta\Documents\2차 모니터링\RegFsNotify\RegFsNotify.vcxproj" 프로젝트를 빌드했습니다(build 대상).

빌드했습니다.

경과 시간: 00:00:01.92
