C:\USERS\KOSTA\PICTURES\REGFSNOTIFY_더미생성_조건식 추가\RELEASE\AUTORUN.OBJ
C:\USERS\KOSTA\PICTURES\REGFSNOTIFY_더미생성_조건식 추가\RELEASE\CHECKSTATE.OBJ
C:\Users\kosta\Pictures\RegFsNotify_더미생성_조건식 추가\Release\cl.command.1.tlog
C:\Users\kosta\Pictures\RegFsNotify_더미생성_조건식 추가\Release\CL.read.1.tlog
C:\Users\kosta\Pictures\RegFsNotify_더미생성_조건식 추가\Release\CL.write.1.tlog
C:\USERS\KOSTA\PICTURES\REGFSNOTIFY_더미생성_조건식 추가\RELEASE\CREATEDUMMY.OBJ
C:\USERS\KOSTA\PICTURES\REGFSNOTIFY_더미생성_조건식 추가\RELEASE\DELETEFILEREG.OBJ
C:\USERS\KOSTA\PICTURES\REGFSNOTIFY_더미생성_조건식 추가\RELEASE\EXTRACTPROCESS.OBJ
C:\USERS\KOSTA\PICTURES\REGFSNOTIFY_더미생성_조건식 추가\RELEASE\FILE.OBJ
C:\Users\kosta\Pictures\RegFsNotify_더미생성_조건식 추가\Release\link.command.1.tlog
C:\Users\kosta\Pictures\RegFsNotify_더미생성_조건식 추가\Release\link.read.1.tlog
C:\Users\kosta\Pictures\RegFsNotify_더미생성_조건식 추가\Release\link.write.1.tlog
C:\Users\kosta\Pictures\RegFsNotify_더미생성_조건식 추가\Release\mt.command.1.tlog
C:\Users\kosta\Pictures\RegFsNotify_더미생성_조건식 추가\Release\mt.read.1.tlog
C:\Users\kosta\Pictures\RegFsNotify_더미생성_조건식 추가\Release\mt.write.1.tlog
C:\USERS\KOSTA\PICTURES\REGFSNOTIFY_더미생성_조건식 추가\RELEASE\PROCESSCONTROL.OBJ
C:\USERS\KOSTA\PICTURES\REGFSNOTIFY_더미생성_조건식 추가\RELEASE\REG.OBJ
C:\USERS\KOSTA\PICTURES\REGFSNOTIFY_더미생성_조건식 추가\RELEASE\REGFSNOTIFY.EXE
C:\USERS\KOSTA\PICTURES\REGFSNOTIFY_더미생성_조건식 추가\RELEASE\REGFSNOTIFY.EXE.INTERMEDIATE.MANIFEST
C:\USERS\KOSTA\PICTURES\REGFSNOTIFY_더미생성_조건식 추가\RELEASE\REGFSNOTIFY.OBJ
C:\USERS\KOSTA\PICTURES\REGFSNOTIFY_더미생성_조건식 추가\RELEASE\REGFSNOTIFY.PDB
C:\Users\kosta\Pictures\RegFsNotify_더미생성_조건식 추가\Release\RegFsNotify.write.1.tlog
C:\USERS\KOSTA\PICTURES\REGFSNOTIFY_더미생성_조건식 추가\RELEASE\SETUSER.OBJ
C:\USERS\KOSTA\PICTURES\REGFSNOTIFY_더미생성_조건식 추가\RELEASE\VC100.PDB
