빌드 시작: 2016-07-20 오전 10:46:06
     1>2 노드의 "C:\Users\kosta\Pictures\RegFsNotify_더미생성_조건식 추가\RegFsNotify.vcxproj" 프로젝트(rebuild 대상)입니다.
     1>_PrepareForClean:
         "Release\RegFsNotify.lastbuildstate" 파일을 삭제하고 있습니다.
       InitializeBuildStatus:
         "AlwaysCreate"이(가) 지정되었기 때문에 "Release\RegFsNotify.unsuccessfulbuild"을(를) 만들고 있습니다.
       ClCompile:
         C:\Program Files (x86)\Microsoft Visual Studio 10.0\VC\bin\CL.exe /c /Zi /nologo /W3 /WX- /O2 /Oi /Oy- /GL /D WIN32 /D NDEBUG /D _CONSOLE /D _UNICODE /D UNICODE /Gm- /EHsc /MT /GS /Gy /fp:precise /Zc:wchar_t /Zc:forScope /Fo"Release\\" /Fd"Release\vc100.pdb" /Gd /TP /analyze- /errorReport:prompt autoRun.cpp checkState.cpp createDummy.cpp deleteFileReg.cpp extractProcess.cpp file.cpp processControl.cpp reg.cpp RegFsNotify.cpp setUser.cpp
         autoRun.cpp
     1>c:\users\kosta\pictures\regfsnotify_더미생성_조건식 추가\mon.h(104): warning C4129: 'R' : 문자 이스케이프 시퀀스를 인식할 수 없습니다.
     1>c:\users\kosta\pictures\regfsnotify_더미생성_조건식 추가\mon.h(105): warning C4129: 'D' : 문자 이스케이프 시퀀스를 인식할 수 없습니다.
     1>c:\users\kosta\pictures\regfsnotify_더미생성_조건식 추가\mon.h(105): warning C4129: 'A' : 문자 이스케이프 시퀀스를 인식할 수 없습니다.
     1>c:\users\kosta\pictures\regfsnotify_더미생성_조건식 추가\mon.h(105): warning C4129: 'R' : 문자 이스케이프 시퀀스를 인식할 수 없습니다.
     1>c:\users\kosta\pictures\regfsnotify_더미생성_조건식 추가\mon.h(109): warning C4129: 'P' : 문자 이스케이프 시퀀스를 인식할 수 없습니다.
         checkState.cpp
     1>c:\users\kosta\pictures\regfsnotify_더미생성_조건식 추가\mon.h(104): warning C4129: 'R' : 문자 이스케이프 시퀀스를 인식할 수 없습니다.
     1>c:\users\kosta\pictures\regfsnotify_더미생성_조건식 추가\mon.h(105): warning C4129: 'D' : 문자 이스케이프 시퀀스를 인식할 수 없습니다.
     1>c:\users\kosta\pictures\regfsnotify_더미생성_조건식 추가\mon.h(105): warning C4129: 'A' : 문자 이스케이프 시퀀스를 인식할 수 없습니다.
     1>c:\users\kosta\pictures\regfsnotify_더미생성_조건식 추가\mon.h(105): warning C4129: 'R' : 문자 이스케이프 시퀀스를 인식할 수 없습니다.
     1>c:\users\kosta\pictures\regfsnotify_더미생성_조건식 추가\mon.h(109): warning C4129: 'P' : 문자 이스케이프 시퀀스를 인식할 수 없습니다.
         createDummy.cpp
     1>c:\users\kosta\pictures\regfsnotify_더미생성_조건식 추가\mon.h(104): warning C4129: 'R' : 문자 이스케이프 시퀀스를 인식할 수 없습니다.
     1>c:\users\kosta\pictures\regfsnotify_더미생성_조건식 추가\mon.h(105): warning C4129: 'D' : 문자 이스케이프 시퀀스를 인식할 수 없습니다.
     1>c:\users\kosta\pictures\regfsnotify_더미생성_조건식 추가\mon.h(105): warning C4129: 'A' : 문자 이스케이프 시퀀스를 인식할 수 없습니다.
     1>c:\users\kosta\pictures\regfsnotify_더미생성_조건식 추가\mon.h(105): warning C4129: 'R' : 문자 이스케이프 시퀀스를 인식할 수 없습니다.
     1>c:\users\kosta\pictures\regfsnotify_더미생성_조건식 추가\mon.h(109): warning C4129: 'P' : 문자 이스케이프 시퀀스를 인식할 수 없습니다.
     1>createDummy.cpp(43): warning C4244: '인수' : 'time_t'에서 'unsigned int'(으)로 변환하면서 데이터가 손실될 수 있습니다.
     1>createDummy.cpp(49): warning C4244: '=' : 'DWORD'에서 'TCHAR'(으)로 변환하면서 데이터가 손실될 수 있습니다.
     1>createDummy.cpp(53): warning C4244: '=' : 'DWORD'에서 'TCHAR'(으)로 변환하면서 데이터가 손실될 수 있습니다.
     1>createDummy.cpp(65): warning C4996: 'wcscpy': This function or variable may be unsafe. Consider using wcscpy_s instead. To disable deprecation, use _CRT_SECURE_NO_WARNINGS. See online help for details.
                 C:\Program Files (x86)\Microsoft Visual Studio 10.0\VC\include\string.h(283) : 'wcscpy' 선언을 참조하십시오.
     1>createDummy.cpp(66): warning C4996: 'wcscat': This function or variable may be unsafe. Consider using wcscat_s instead. To disable deprecation, use _CRT_SECURE_NO_WARNINGS. See online help for details.
                 C:\Program Files (x86)\Microsoft Visual Studio 10.0\VC\include\string.h(276) : 'wcscat' 선언을 참조하십시오.
     1>createDummy.cpp(68): warning C4129: ' ' : 문자 이스케이프 시퀀스를 인식할 수 없습니다.
     1>createDummy.cpp(71): warning C4996: 'wcscpy': This function or variable may be unsafe. Consider using wcscpy_s instead. To disable deprecation, use _CRT_SECURE_NO_WARNINGS. See online help for details.
                 C:\Program Files (x86)\Microsoft Visual Studio 10.0\VC\include\string.h(283) : 'wcscpy' 선언을 참조하십시오.
     1>createDummy.cpp(72): warning C4996: 'wcscat': This function or variable may be unsafe. Consider using wcscat_s instead. To disable deprecation, use _CRT_SECURE_NO_WARNINGS. See online help for details.
                 C:\Program Files (x86)\Microsoft Visual Studio 10.0\VC\include\string.h(276) : 'wcscat' 선언을 참조하십시오.
     1>createDummy.cpp(92): warning C4996: 'wcscpy': This function or variable may be unsafe. Consider using wcscpy_s instead. To disable deprecation, use _CRT_SECURE_NO_WARNINGS. See online help for details.
                 C:\Program Files (x86)\Microsoft Visual Studio 10.0\VC\include\string.h(283) : 'wcscpy' 선언을 참조하십시오.
     1>createDummy.cpp(93): warning C4996: 'wcscat': This function or variable may be unsafe. Consider using wcscat_s instead. To disable deprecation, use _CRT_SECURE_NO_WARNINGS. See online help for details.
                 C:\Program Files (x86)\Microsoft Visual Studio 10.0\VC\include\string.h(276) : 'wcscat' 선언을 참조하십시오.
     1>createDummy.cpp(94): warning C4996: 'wcscat': This function or variable may be unsafe. Consider using wcscat_s instead. To disable deprecation, use _CRT_SECURE_NO_WARNINGS. See online help for details.
                 C:\Program Files (x86)\Microsoft Visual Studio 10.0\VC\include\string.h(276) : 'wcscat' 선언을 참조하십시오.
     1>createDummy.cpp(95): warning C4996: 'wcscat': This function or variable may be unsafe. Consider using wcscat_s instead. To disable deprecation, use _CRT_SECURE_NO_WARNINGS. See online help for details.
                 C:\Program Files (x86)\Microsoft Visual Studio 10.0\VC\include\string.h(276) : 'wcscat' 선언을 참조하십시오.
     1>createDummy.cpp(104): warning C4996: 'wcscpy': This function or variable may be unsafe. Consider using wcscpy_s instead. To disable deprecation, use _CRT_SECURE_NO_WARNINGS. See online help for details.
                 C:\Program Files (x86)\Microsoft Visual Studio 10.0\VC\include\string.h(283) : 'wcscpy' 선언을 참조하십시오.
     1>createDummy.cpp(105): warning C4996: 'wcscat': This function or variable may be unsafe. Consider using wcscat_s instead. To disable deprecation, use _CRT_SECURE_NO_WARNINGS. See online help for details.
                 C:\Program Files (x86)\Microsoft Visual Studio 10.0\VC\include\string.h(276) : 'wcscat' 선언을 참조하십시오.
     1>createDummy.cpp(106): warning C4996: 'wcscat': This function or variable may be unsafe. Consider using wcscat_s instead. To disable deprecation, use _CRT_SECURE_NO_WARNINGS. See online help for details.
                 C:\Program Files (x86)\Microsoft Visual Studio 10.0\VC\include\string.h(276) : 'wcscat' 선언을 참조하십시오.
     1>createDummy.cpp(111): warning C4996: 'wcscpy': This function or variable may be unsafe. Consider using wcscpy_s instead. To disable deprecation, use _CRT_SECURE_NO_WARNINGS. See online help for details.
                 C:\Program Files (x86)\Microsoft Visual Studio 10.0\VC\include\string.h(283) : 'wcscpy' 선언을 참조하십시오.
     1>createDummy.cpp(112): warning C4996: 'wcscat': This function or variable may be unsafe. Consider using wcscat_s instead. To disable deprecation, use _CRT_SECURE_NO_WARNINGS. See online help for details.
                 C:\Program Files (x86)\Microsoft Visual Studio 10.0\VC\include\string.h(276) : 'wcscat' 선언을 참조하십시오.
     1>createDummy.cpp(131): warning C4996: 'wcscpy': This function or variable may be unsafe. Consider using wcscpy_s instead. To disable deprecation, use _CRT_SECURE_NO_WARNINGS. See online help for details.
                 C:\Program Files (x86)\Microsoft Visual Studio 10.0\VC\include\string.h(283) : 'wcscpy' 선언을 참조하십시오.
     1>createDummy.cpp(132): warning C4996: 'wcscat': This function or variable may be unsafe. Consider using wcscat_s instead. To disable deprecation, use _CRT_SECURE_NO_WARNINGS. See online help for details.
                 C:\Program Files (x86)\Microsoft Visual Studio 10.0\VC\include\string.h(276) : 'wcscat' 선언을 참조하십시오.
     1>createDummy.cpp(133): warning C4996: 'wcscat': This function or variable may be unsafe. Consider using wcscat_s instead. To disable deprecation, use _CRT_SECURE_NO_WARNINGS. See online help for details.
                 C:\Program Files (x86)\Microsoft Visual Studio 10.0\VC\include\string.h(276) : 'wcscat' 선언을 참조하십시오.
     1>createDummy.cpp(134): warning C4996: 'wcscat': This function or variable may be unsafe. Consider using wcscat_s instead. To disable deprecation, use _CRT_SECURE_NO_WARNINGS. See online help for details.
                 C:\Program Files (x86)\Microsoft Visual Studio 10.0\VC\include\string.h(276) : 'wcscat' 선언을 참조하십시오.
     1>createDummy.cpp(214): warning C4996: 'wcscpy': This function or variable may be unsafe. Consider using wcscpy_s instead. To disable deprecation, use _CRT_SECURE_NO_WARNINGS. See online help for details.
                 C:\Program Files (x86)\Microsoft Visual Studio 10.0\VC\include\string.h(283) : 'wcscpy' 선언을 참조하십시오.
     1>createDummy.cpp(215): warning C4996: 'wcscat': This function or variable may be unsafe. Consider using wcscat_s instead. To disable deprecation, use _CRT_SECURE_NO_WARNINGS. See online help for details.
                 C:\Program Files (x86)\Microsoft Visual Studio 10.0\VC\include\string.h(276) : 'wcscat' 선언을 참조하십시오.
     1>createDummy.cpp(216): warning C4996: 'wcscat': This function or variable may be unsafe. Consider using wcscat_s instead. To disable deprecation, use _CRT_SECURE_NO_WARNINGS. See online help for details.
                 C:\Program Files (x86)\Microsoft Visual Studio 10.0\VC\include\string.h(276) : 'wcscat' 선언을 참조하십시오.
     1>createDummy.cpp(220): warning C4996: 'wcscpy': This function or variable may be unsafe. Consider using wcscpy_s instead. To disable deprecation, use _CRT_SECURE_NO_WARNINGS. See online help for details.
                 C:\Program Files (x86)\Microsoft Visual Studio 10.0\VC\include\string.h(283) : 'wcscpy' 선언을 참조하십시오.
     1>createDummy.cpp(221): warning C4996: 'wcscat': This function or variable may be unsafe. Consider using wcscat_s instead. To disable deprecation, use _CRT_SECURE_NO_WARNINGS. See online help for details.
                 C:\Program Files (x86)\Microsoft Visual Studio 10.0\VC\include\string.h(276) : 'wcscat' 선언을 참조하십시오.
     1>createDummy.cpp(222): warning C4996: 'wcscat': This function or variable may be unsafe. Consider using wcscat_s instead. To disable deprecation, use _CRT_SECURE_NO_WARNINGS. See online help for details.
                 C:\Program Files (x86)\Microsoft Visual Studio 10.0\VC\include\string.h(276) : 'wcscat' 선언을 참조하십시오.
         deleteFileReg.cpp
     1>c:\users\kosta\pictures\regfsnotify_더미생성_조건식 추가\mon.h(104): warning C4129: 'R' : 문자 이스케이프 시퀀스를 인식할 수 없습니다.
     1>c:\users\kosta\pictures\regfsnotify_더미생성_조건식 추가\mon.h(105): warning C4129: 'D' : 문자 이스케이프 시퀀스를 인식할 수 없습니다.
     1>c:\users\kosta\pictures\regfsnotify_더미생성_조건식 추가\mon.h(105): warning C4129: 'A' : 문자 이스케이프 시퀀스를 인식할 수 없습니다.
     1>c:\users\kosta\pictures\regfsnotify_더미생성_조건식 추가\mon.h(105): warning C4129: 'R' : 문자 이스케이프 시퀀스를 인식할 수 없습니다.
     1>c:\users\kosta\pictures\regfsnotify_더미생성_조건식 추가\mon.h(109): warning C4129: 'P' : 문자 이스케이프 시퀀스를 인식할 수 없습니다.
     1>deleteFileReg.cpp(11): warning C4129: 'M' : 문자 이스케이프 시퀀스를 인식할 수 없습니다.
         extractProcess.cpp
     1>c:\users\kosta\pictures\regfsnotify_더미생성_조건식 추가\mon.h(104): warning C4129: 'R' : 문자 이스케이프 시퀀스를 인식할 수 없습니다.
     1>c:\users\kosta\pictures\regfsnotify_더미생성_조건식 추가\mon.h(105): warning C4129: 'D' : 문자 이스케이프 시퀀스를 인식할 수 없습니다.
     1>c:\users\kosta\pictures\regfsnotify_더미생성_조건식 추가\mon.h(105): warning C4129: 'A' : 문자 이스케이프 시퀀스를 인식할 수 없습니다.
     1>c:\users\kosta\pictures\regfsnotify_더미생성_조건식 추가\mon.h(105): warning C4129: 'R' : 문자 이스케이프 시퀀스를 인식할 수 없습니다.
     1>c:\users\kosta\pictures\regfsnotify_더미생성_조건식 추가\mon.h(109): warning C4129: 'P' : 문자 이스케이프 시퀀스를 인식할 수 없습니다.
     1>extractProcess.cpp(54): warning C4996: 'wcsncpy': This function or variable may be unsafe. Consider using wcsncpy_s instead. To disable deprecation, use _CRT_SECURE_NO_WARNINGS. See online help for details.
                 C:\Program Files (x86)\Microsoft Visual Studio 10.0\VC\include\string.h(306) : 'wcsncpy' 선언을 참조하십시오.
     1>extractProcess.cpp(63): warning C4996: 'wcsncpy': This function or variable may be unsafe. Consider using wcsncpy_s instead. To disable deprecation, use _CRT_SECURE_NO_WARNINGS. See online help for details.
                 C:\Program Files (x86)\Microsoft Visual Studio 10.0\VC\include\string.h(306) : 'wcsncpy' 선언을 참조하십시오.
     1>extractProcess.cpp(69): warning C4996: 'wcsncpy': This function or variable may be unsafe. Consider using wcsncpy_s instead. To disable deprecation, use _CRT_SECURE_NO_WARNINGS. See online help for details.
                 C:\Program Files (x86)\Microsoft Visual Studio 10.0\VC\include\string.h(306) : 'wcsncpy' 선언을 참조하십시오.
     1>extractProcess.cpp(75): warning C4996: 'wcsncpy': This function or variable may be unsafe. Consider using wcsncpy_s instead. To disable deprecation, use _CRT_SECURE_NO_WARNINGS. See online help for details.
                 C:\Program Files (x86)\Microsoft Visual Studio 10.0\VC\include\string.h(306) : 'wcsncpy' 선언을 참조하십시오.
         file.cpp
     1>c:\users\kosta\pictures\regfsnotify_더미생성_조건식 추가\mon.h(104): warning C4129: 'R' : 문자 이스케이프 시퀀스를 인식할 수 없습니다.
     1>c:\users\kosta\pictures\regfsnotify_더미생성_조건식 추가\mon.h(105): warning C4129: 'D' : 문자 이스케이프 시퀀스를 인식할 수 없습니다.
     1>c:\users\kosta\pictures\regfsnotify_더미생성_조건식 추가\mon.h(105): warning C4129: 'A' : 문자 이스케이프 시퀀스를 인식할 수 없습니다.
     1>c:\users\kosta\pictures\regfsnotify_더미생성_조건식 추가\mon.h(105): warning C4129: 'R' : 문자 이스케이프 시퀀스를 인식할 수 없습니다.
     1>c:\users\kosta\pictures\regfsnotify_더미생성_조건식 추가\mon.h(109): warning C4129: 'P' : 문자 이스케이프 시퀀스를 인식할 수 없습니다.
     1>file.cpp(174): warning C4018: '<' : signed 또는 unsigned가 일치하지 않습니다.
     1>file.cpp(193): warning C4018: '<' : signed 또는 unsigned가 일치하지 않습니다.
         processControl.cpp
     1>c:\users\kosta\pictures\regfsnotify_더미생성_조건식 추가\mon.h(104): warning C4129: 'R' : 문자 이스케이프 시퀀스를 인식할 수 없습니다.
     1>c:\users\kosta\pictures\regfsnotify_더미생성_조건식 추가\mon.h(105): warning C4129: 'D' : 문자 이스케이프 시퀀스를 인식할 수 없습니다.
     1>c:\users\kosta\pictures\regfsnotify_더미생성_조건식 추가\mon.h(105): warning C4129: 'A' : 문자 이스케이프 시퀀스를 인식할 수 없습니다.
     1>c:\users\kosta\pictures\regfsnotify_더미생성_조건식 추가\mon.h(105): warning C4129: 'R' : 문자 이스케이프 시퀀스를 인식할 수 없습니다.
     1>c:\users\kosta\pictures\regfsnotify_더미생성_조건식 추가\mon.h(109): warning C4129: 'P' : 문자 이스케이프 시퀀스를 인식할 수 없습니다.
         reg.cpp
     1>c:\users\kosta\pictures\regfsnotify_더미생성_조건식 추가\mon.h(104): warning C4129: 'R' : 문자 이스케이프 시퀀스를 인식할 수 없습니다.
     1>c:\users\kosta\pictures\regfsnotify_더미생성_조건식 추가\mon.h(105): warning C4129: 'D' : 문자 이스케이프 시퀀스를 인식할 수 없습니다.
     1>c:\users\kosta\pictures\regfsnotify_더미생성_조건식 추가\mon.h(105): warning C4129: 'A' : 문자 이스케이프 시퀀스를 인식할 수 없습니다.
     1>c:\users\kosta\pictures\regfsnotify_더미생성_조건식 추가\mon.h(105): warning C4129: 'R' : 문자 이스케이프 시퀀스를 인식할 수 없습니다.
     1>c:\users\kosta\pictures\regfsnotify_더미생성_조건식 추가\mon.h(109): warning C4129: 'P' : 문자 이스케이프 시퀀스를 인식할 수 없습니다.
     1>reg.cpp(44): warning C4101: 'cbName' :참조되지 않은 지역 변수입니다.
     1>reg.cpp(221): warning C4129: 'M' : 문자 이스케이프 시퀀스를 인식할 수 없습니다.
         RegFsNotify.cpp
     1>c:\users\kosta\pictures\regfsnotify_더미생성_조건식 추가\mon.h(104): warning C4129: 'R' : 문자 이스케이프 시퀀스를 인식할 수 없습니다.
     1>c:\users\kosta\pictures\regfsnotify_더미생성_조건식 추가\mon.h(105): warning C4129: 'D' : 문자 이스케이프 시퀀스를 인식할 수 없습니다.
     1>c:\users\kosta\pictures\regfsnotify_더미생성_조건식 추가\mon.h(105): warning C4129: 'A' : 문자 이스케이프 시퀀스를 인식할 수 없습니다.
     1>c:\users\kosta\pictures\regfsnotify_더미생성_조건식 추가\mon.h(105): warning C4129: 'R' : 문자 이스케이프 시퀀스를 인식할 수 없습니다.
     1>c:\users\kosta\pictures\regfsnotify_더미생성_조건식 추가\mon.h(109): warning C4129: 'P' : 문자 이스케이프 시퀀스를 인식할 수 없습니다.
     1>RegFsNotify.cpp(19): warning C4101: 'cb' :참조되지 않은 지역 변수입니다.
         setUser.cpp
     1>c:\users\kosta\pictures\regfsnotify_더미생성_조건식 추가\mon.h(104): warning C4129: 'R' : 문자 이스케이프 시퀀스를 인식할 수 없습니다.
     1>c:\users\kosta\pictures\regfsnotify_더미생성_조건식 추가\mon.h(105): warning C4129: 'D' : 문자 이스케이프 시퀀스를 인식할 수 없습니다.
     1>c:\users\kosta\pictures\regfsnotify_더미생성_조건식 추가\mon.h(105): warning C4129: 'A' : 문자 이스케이프 시퀀스를 인식할 수 없습니다.
     1>c:\users\kosta\pictures\regfsnotify_더미생성_조건식 추가\mon.h(105): warning C4129: 'R' : 문자 이스케이프 시퀀스를 인식할 수 없습니다.
     1>c:\users\kosta\pictures\regfsnotify_더미생성_조건식 추가\mon.h(109): warning C4129: 'P' : 문자 이스케이프 시퀀스를 인식할 수 없습니다.
       Link:
         C:\Program Files (x86)\Microsoft Visual Studio 10.0\VC\bin\link.exe /ERRORREPORT:PROMPT /OUT:"C:\Users\kosta\Pictures\RegFsNotify_더미생성_조건식 추가\Release\RegFsNotify.exe" /INCREMENTAL:NO /NOLOGO kernel32.lib user32.lib gdi32.lib winspool.lib comdlg32.lib advapi32.lib shell32.lib ole32.lib oleaut32.lib uuid.lib odbc32.lib odbccp32.lib /MANIFEST /ManifestFile:"Release\RegFsNotify.exe.intermediate.manifest" /MANIFESTUAC:"level='asInvoker' uiAccess='false'" /DEBUG /PDB:"C:\Users\kosta\Pictures\RegFsNotify_더미생성_조건식 추가\Release\RegFsNotify.pdb" /SUBSYSTEM:CONSOLE /OPT:REF /OPT:ICF /LTCG /TLBID:1 /DYNAMICBASE /NXCOMPAT /IMPLIB:"C:\Users\kosta\Pictures\RegFsNotify_더미생성_조건식 추가\Release\RegFsNotify.lib" /MACHINE:X86 Release\autoRun.obj
         Release\checkState.obj
         Release\createDummy.obj
         Release\deleteFileReg.obj
         Release\extractProcess.obj
         Release\file.obj
         Release\processControl.obj
         Release\reg.obj
         Release\RegFsNotify.obj
         Release\setUser.obj
         코드를 생성하고 있습니다.
         코드를 생성했습니다.
         RegFsNotify.vcxproj -> C:\Users\kosta\Pictures\RegFsNotify_더미생성_조건식 추가\Release\RegFsNotify.exe
       Manifest:
         C:\Program Files (x86)\Microsoft SDKs\Windows\v7.0A\bin\mt.exe /nologo /verbose /outputresource:"C:\Users\kosta\Pictures\RegFsNotify_더미생성_조건식 추가\Release\RegFsNotify.exe;#1" /manifest Release\RegFsNotify.exe.intermediate.manifest
       FinalizeBuildStatus:
         "Release\RegFsNotify.unsuccessfulbuild" 파일을 삭제하고 있습니다.
         "Release\RegFsNotify.lastbuildstate"에 연결(touching)하고 있습니다.
     1>"C:\Users\kosta\Pictures\RegFsNotify_더미생성_조건식 추가\RegFsNotify.vcxproj" 프로젝트를 빌드했습니다(rebuild 대상).

빌드했습니다.

경과 시간: 00:00:05.90
