빌드 시작: 2016-07-19 오전 11:26:02
     1>2 노드의 "C:\Users\kosta\Documents\Pwanda-ver.2\2차 모니터링\RegFsNotify\RegFsNotify.vcxproj" 프로젝트(build 대상)입니다.
     1>InitializeBuildStatus:
         "AlwaysCreate"이(가) 지정되었기 때문에 "Debug\RegFsNotify.unsuccessfulbuild"을(를) 만들고 있습니다.
       ClCompile:
         C:\Program Files (x86)\Microsoft Visual Studio 10.0\VC\bin\CL.exe /c /ZI /nologo /W3 /WX- /Od /Oy- /D WIN32 /D _DEBUG /D _CONSOLE /D _UNICODE /D UNICODE /Gm /EHsc /RTC1 /MDd /GS /fp:precise /Zc:wchar_t /Zc:forScope /Fo"Debug\\" /Fd"Debug\vc100.pdb" /Gd /TP /analyze- /errorReport:prompt RegFsNotify.cpp checkState.cpp createDummy.cpp extractProcessName.cpp file.cpp processControl.cpp reg.cpp setUser.cpp
         file.cpp
     1>c:\users\kosta\documents\pwanda-ver.2\2차 모니터링\regfsnotify\mon.h(86): warning C4129: 'R' : 문자 이스케이프 시퀀스를 인식할 수 없습니다.
     1>c:\users\kosta\documents\pwanda-ver.2\2차 모니터링\regfsnotify\mon.h(90): warning C4129: 'P' : 문자 이스케이프 시퀀스를 인식할 수 없습니다.
     1>c:\users\kosta\documents\pwanda-ver.2\2차 모니터링\regfsnotify\file.cpp(170): warning C4018: '<' : signed 또는 unsigned가 일치하지 않습니다.
     1>c:\users\kosta\documents\pwanda-ver.2\2차 모니터링\regfsnotify\file.cpp(189): warning C4018: '<' : signed 또는 unsigned가 일치하지 않습니다.
         코드를 생성하고 있습니다...
         컴파일하고 있습니다...
         setUser.cpp
     1>c:\users\kosta\documents\pwanda-ver.2\2차 모니터링\regfsnotify\mon.h(86): warning C4129: 'R' : 문자 이스케이프 시퀀스를 인식할 수 없습니다.
     1>c:\users\kosta\documents\pwanda-ver.2\2차 모니터링\regfsnotify\mon.h(90): warning C4129: 'P' : 문자 이스케이프 시퀀스를 인식할 수 없습니다.
         reg.cpp
     1>c:\users\kosta\documents\pwanda-ver.2\2차 모니터링\regfsnotify\mon.h(86): warning C4129: 'R' : 문자 이스케이프 시퀀스를 인식할 수 없습니다.
     1>c:\users\kosta\documents\pwanda-ver.2\2차 모니터링\regfsnotify\mon.h(90): warning C4129: 'P' : 문자 이스케이프 시퀀스를 인식할 수 없습니다.
     1>c:\users\kosta\documents\pwanda-ver.2\2차 모니터링\regfsnotify\reg.cpp(46): warning C4101: 'cbName' :참조되지 않은 지역 변수입니다.
     1>c:\users\kosta\documents\pwanda-ver.2\2차 모니터링\regfsnotify\reg.cpp(223): warning C4129: 'M' : 문자 이스케이프 시퀀스를 인식할 수 없습니다.
         processControl.cpp
     1>c:\users\kosta\documents\pwanda-ver.2\2차 모니터링\regfsnotify\mon.h(86): warning C4129: 'R' : 문자 이스케이프 시퀀스를 인식할 수 없습니다.
     1>c:\users\kosta\documents\pwanda-ver.2\2차 모니터링\regfsnotify\mon.h(90): warning C4129: 'P' : 문자 이스케이프 시퀀스를 인식할 수 없습니다.
         extractProcessName.cpp
     1>c:\users\kosta\documents\pwanda-ver.2\2차 모니터링\regfsnotify\mon.h(86): warning C4129: 'R' : 문자 이스케이프 시퀀스를 인식할 수 없습니다.
     1>c:\users\kosta\documents\pwanda-ver.2\2차 모니터링\regfsnotify\mon.h(90): warning C4129: 'P' : 문자 이스케이프 시퀀스를 인식할 수 없습니다.
     1>c:\users\kosta\documents\pwanda-ver.2\2차 모니터링\regfsnotify\extractprocessname.cpp(48): warning C4101: 'buffer_filename' :참조되지 않은 지역 변수입니다.
         createDummy.cpp
     1>c:\users\kosta\documents\pwanda-ver.2\2차 모니터링\regfsnotify\mon.h(86): warning C4129: 'R' : 문자 이스케이프 시퀀스를 인식할 수 없습니다.
     1>c:\users\kosta\documents\pwanda-ver.2\2차 모니터링\regfsnotify\mon.h(90): warning C4129: 'P' : 문자 이스케이프 시퀀스를 인식할 수 없습니다.
     1>c:\users\kosta\documents\pwanda-ver.2\2차 모니터링\regfsnotify\createdummy.cpp(38): warning C4244: '인수' : 'time_t'에서 'unsigned int'(으)로 변환하면서 데이터가 손실될 수 있습니다.
     1>c:\users\kosta\documents\pwanda-ver.2\2차 모니터링\regfsnotify\createdummy.cpp(44): warning C4244: '=' : 'DWORD'에서 'TCHAR'(으)로 변환하면서 데이터가 손실될 수 있습니다.
     1>c:\users\kosta\documents\pwanda-ver.2\2차 모니터링\regfsnotify\createdummy.cpp(48): warning C4244: '=' : 'DWORD'에서 'TCHAR'(으)로 변환하면서 데이터가 손실될 수 있습니다.
     1>c:\users\kosta\documents\pwanda-ver.2\2차 모니터링\regfsnotify\createdummy.cpp(54): warning C4996: 'wcscpy': This function or variable may be unsafe. Consider using wcscpy_s instead. To disable deprecation, use _CRT_SECURE_NO_WARNINGS. See online help for details.
                 c:\program files (x86)\microsoft visual studio 10.0\vc\include\string.h(283) : 'wcscpy' 선언을 참조하십시오.
     1>c:\users\kosta\documents\pwanda-ver.2\2차 모니터링\regfsnotify\createdummy.cpp(55): warning C4996: 'wcscat': This function or variable may be unsafe. Consider using wcscat_s instead. To disable deprecation, use _CRT_SECURE_NO_WARNINGS. See online help for details.
                 c:\program files (x86)\microsoft visual studio 10.0\vc\include\string.h(276) : 'wcscat' 선언을 참조하십시오.
     1>c:\users\kosta\documents\pwanda-ver.2\2차 모니터링\regfsnotify\createdummy.cpp(64): warning C4996: 'wcscpy': This function or variable may be unsafe. Consider using wcscpy_s instead. To disable deprecation, use _CRT_SECURE_NO_WARNINGS. See online help for details.
                 c:\program files (x86)\microsoft visual studio 10.0\vc\include\string.h(283) : 'wcscpy' 선언을 참조하십시오.
     1>c:\users\kosta\documents\pwanda-ver.2\2차 모니터링\regfsnotify\createdummy.cpp(65): warning C4996: 'wcscat': This function or variable may be unsafe. Consider using wcscat_s instead. To disable deprecation, use _CRT_SECURE_NO_WARNINGS. See online help for details.
                 c:\program files (x86)\microsoft visual studio 10.0\vc\include\string.h(276) : 'wcscat' 선언을 참조하십시오.
     1>c:\users\kosta\documents\pwanda-ver.2\2차 모니터링\regfsnotify\createdummy.cpp(85): warning C4996: 'wcscpy': This function or variable may be unsafe. Consider using wcscpy_s instead. To disable deprecation, use _CRT_SECURE_NO_WARNINGS. See online help for details.
                 c:\program files (x86)\microsoft visual studio 10.0\vc\include\string.h(283) : 'wcscpy' 선언을 참조하십시오.
     1>c:\users\kosta\documents\pwanda-ver.2\2차 모니터링\regfsnotify\createdummy.cpp(86): warning C4996: 'wcscat': This function or variable may be unsafe. Consider using wcscat_s instead. To disable deprecation, use _CRT_SECURE_NO_WARNINGS. See online help for details.
                 c:\program files (x86)\microsoft visual studio 10.0\vc\include\string.h(276) : 'wcscat' 선언을 참조하십시오.
     1>c:\users\kosta\documents\pwanda-ver.2\2차 모니터링\regfsnotify\createdummy.cpp(87): warning C4996: 'wcscat': This function or variable may be unsafe. Consider using wcscat_s instead. To disable deprecation, use _CRT_SECURE_NO_WARNINGS. See online help for details.
                 c:\program files (x86)\microsoft visual studio 10.0\vc\include\string.h(276) : 'wcscat' 선언을 참조하십시오.
     1>c:\users\kosta\documents\pwanda-ver.2\2차 모니터링\regfsnotify\createdummy.cpp(88): warning C4996: 'wcscat': This function or variable may be unsafe. Consider using wcscat_s instead. To disable deprecation, use _CRT_SECURE_NO_WARNINGS. See online help for details.
                 c:\program files (x86)\microsoft visual studio 10.0\vc\include\string.h(276) : 'wcscat' 선언을 참조하십시오.
         checkState.cpp
     1>c:\users\kosta\documents\pwanda-ver.2\2차 모니터링\regfsnotify\mon.h(86): warning C4129: 'R' : 문자 이스케이프 시퀀스를 인식할 수 없습니다.
     1>c:\users\kosta\documents\pwanda-ver.2\2차 모니터링\regfsnotify\mon.h(90): warning C4129: 'P' : 문자 이스케이프 시퀀스를 인식할 수 없습니다.
         RegFsNotify.cpp
     1>c:\users\kosta\documents\pwanda-ver.2\2차 모니터링\regfsnotify\mon.h(86): warning C4129: 'R' : 문자 이스케이프 시퀀스를 인식할 수 없습니다.
     1>c:\users\kosta\documents\pwanda-ver.2\2차 모니터링\regfsnotify\mon.h(90): warning C4129: 'P' : 문자 이스케이프 시퀀스를 인식할 수 없습니다.
     1>c:\users\kosta\documents\pwanda-ver.2\2차 모니터링\regfsnotify\regfsnotify.cpp(19): warning C4101: 'cb' :참조되지 않은 지역 변수입니다.
         코드를 생성하고 있습니다...
       ManifestResourceCompile:
         모든 출력이 최신 상태입니다.
       Link:
         C:\Program Files (x86)\Microsoft Visual Studio 10.0\VC\bin\link.exe /ERRORREPORT:PROMPT /OUT:"C:\Users\kosta\Documents\Pwanda-ver.2\2차 모니터링\RegFsNotify\Debug\RegFsNotify.exe" /INCREMENTAL /NOLOGO kernel32.lib user32.lib gdi32.lib winspool.lib comdlg32.lib advapi32.lib shell32.lib ole32.lib oleaut32.lib uuid.lib odbc32.lib odbccp32.lib /MANIFEST /ManifestFile:"Debug\RegFsNotify.exe.intermediate.manifest" /MANIFESTUAC:"level='asInvoker' uiAccess='false'" /DEBUG /PDB:"C:\Users\kosta\Documents\Pwanda-ver.2\2차 모니터링\RegFsNotify\Debug\RegFsNotify.pdb" /SUBSYSTEM:CONSOLE /TLBID:1 /DYNAMICBASE /NXCOMPAT /IMPLIB:"C:\Users\kosta\Documents\Pwanda-ver.2\2차 모니터링\RegFsNotify\Debug\RegFsNotify.lib" /MACHINE:X86 Debug\RegFsNotify.exe.embed.manifest.res
         Debug\checkState.obj
         Debug\createDummy.obj
         Debug\extractProcessName.obj
         Debug\file.obj
         Debug\processControl.obj
         Debug\reg.obj
         Debug\RegFsNotify.obj
         Debug\setUser.obj
       Manifest:
         C:\Program Files (x86)\Microsoft SDKs\Windows\v7.0A\bin\mt.exe /nologo /verbose /out:"Debug\RegFsNotify.exe.embed.manifest" /manifest Debug\RegFsNotify.exe.intermediate.manifest
         모든 출력이 최신 상태입니다.
       LinkEmbedManifest:
         모든 출력이 최신 상태입니다.
         RegFsNotify.vcxproj -> C:\Users\kosta\Documents\Pwanda-ver.2\2차 모니터링\RegFsNotify\Debug\RegFsNotify.exe
       FinalizeBuildStatus:
         "Debug\RegFsNotify.unsuccessfulbuild" 파일을 삭제하고 있습니다.
         "Debug\RegFsNotify.lastbuildstate"에 연결(touching)하고 있습니다.
     1>"C:\Users\kosta\Documents\Pwanda-ver.2\2차 모니터링\RegFsNotify\RegFsNotify.vcxproj" 프로젝트를 빌드했습니다(build 대상).

빌드했습니다.

경과 시간: 00:00:04.99
