C:\USERS\KOSTA\DESKTOP\PWANDA\REGFSNOTIFY_이름비교_미완_연주핼\DEBUG\CHECKSTATE.OBJ
C:\USERS\KOSTA\DESKTOP\PWANDA\REGFSNOTIFY_이름비교_미완_연주핼\DEBUG\EXTRACTPROCESSNAME.OBJ
C:\USERS\KOSTA\DESKTOP\PWANDA\REGFSNOTIFY_이름비교_미완_연주핼\DEBUG\FILE.OBJ
C:\USERS\KOSTA\DESKTOP\PWANDA\REGFSNOTIFY_이름비교_미완_연주핼\DEBUG\REG.OBJ
C:\USERS\KOSTA\DESKTOP\PWANDA\REGFSNOTIFY_이름비교_미완_연주핼\DEBUG\REGFSNOTIFY.EXE
C:\USERS\KOSTA\DESKTOP\PWANDA\REGFSNOTIFY_이름비교_미완_연주핼\DEBUG\REGFSNOTIFY.EXE.EMBED.MANIFEST.RES
C:\USERS\KOSTA\DESKTOP\PWANDA\REGFSNOTIFY_이름비교_미완_연주핼\DEBUG\REGFSNOTIFY.EXE.INTERMEDIATE.MANIFEST
C:\USERS\KOSTA\DESKTOP\PWANDA\REGFSNOTIFY_이름비교_미완_연주핼\DEBUG\REGFSNOTIFY.ILK
C:\USERS\KOSTA\DESKTOP\PWANDA\REGFSNOTIFY_이름비교_미완_연주핼\DEBUG\REGFSNOTIFY.OBJ
C:\USERS\KOSTA\DESKTOP\PWANDA\REGFSNOTIFY_이름비교_미완_연주핼\DEBUG\REGFSNOTIFY.PDB
C:\USERS\KOSTA\DESKTOP\PWANDA\REGFSNOTIFY_이름비교_미완_연주핼\DEBUG\SETUSER.OBJ
C:\USERS\KOSTA\DESKTOP\PWANDA\REGFSNOTIFY_이름비교_미완_연주핼\DEBUG\VC100.PDB
C:\USERS\KOSTA\DOCUMENTS\1차 모니터링 완\REGFSNOTIFY\DEBUG\CHECKSTATE.OBJ
C:\USERS\KOSTA\DOCUMENTS\1차 모니터링 완\REGFSNOTIFY\DEBUG\EXTRACTPROCESSNAME.OBJ
C:\USERS\KOSTA\DOCUMENTS\1차 모니터링 완\REGFSNOTIFY\DEBUG\FILE.OBJ
C:\USERS\KOSTA\DOCUMENTS\1차 모니터링 완\REGFSNOTIFY\DEBUG\PROCESSCONTROL.OBJ
C:\USERS\KOSTA\DOCUMENTS\1차 모니터링 완\REGFSNOTIFY\DEBUG\REG.OBJ
C:\USERS\KOSTA\DOCUMENTS\1차 모니터링 완\REGFSNOTIFY\DEBUG\REGFSNOTIFY.EXE
C:\USERS\KOSTA\DOCUMENTS\1차 모니터링 완\REGFSNOTIFY\DEBUG\REGFSNOTIFY.EXE.EMBED.MANIFEST.RES
C:\USERS\KOSTA\DOCUMENTS\1차 모니터링 완\REGFSNOTIFY\DEBUG\REGFSNOTIFY.EXE.INTERMEDIATE.MANIFEST
C:\USERS\KOSTA\DOCUMENTS\1차 모니터링 완\REGFSNOTIFY\DEBUG\REGFSNOTIFY.ILK
C:\USERS\KOSTA\DOCUMENTS\1차 모니터링 완\REGFSNOTIFY\DEBUG\REGFSNOTIFY.OBJ
C:\USERS\KOSTA\DOCUMENTS\1차 모니터링 완\REGFSNOTIFY\DEBUG\REGFSNOTIFY.PDB
C:\USERS\KOSTA\DOCUMENTS\1차 모니터링 완\REGFSNOTIFY\DEBUG\SETUSER.OBJ
C:\USERS\KOSTA\DOCUMENTS\1차 모니터링 완\REGFSNOTIFY\DEBUG\VC100.PDB
C:\USERS\KOSTA\DOCUMENTS\2차 모니터링\REGFSNOTIFY\DEBUG\CHECKSTATE.OBJ
C:\Users\kosta\Documents\2차 모니터링\RegFsNotify\Debug\cl.command.1.tlog
C:\Users\kosta\Documents\2차 모니터링\RegFsNotify\Debug\CL.read.1.tlog
C:\Users\kosta\Documents\2차 모니터링\RegFsNotify\Debug\CL.write.1.tlog
C:\USERS\KOSTA\DOCUMENTS\2차 모니터링\REGFSNOTIFY\DEBUG\CREATEDUMMY.OBJ
C:\USERS\KOSTA\DOCUMENTS\2차 모니터링\REGFSNOTIFY\DEBUG\EXTRACTPROCESSNAME.OBJ
C:\USERS\KOSTA\DOCUMENTS\2차 모니터링\REGFSNOTIFY\DEBUG\FILE.OBJ
C:\Users\kosta\Documents\2차 모니터링\RegFsNotify\Debug\link.9180.read.1.tlog
C:\Users\kosta\Documents\2차 모니터링\RegFsNotify\Debug\link.9180.write.1.tlog
C:\Users\kosta\Documents\2차 모니터링\RegFsNotify\Debug\link.9180-cvtres.read.1.tlog
C:\Users\kosta\Documents\2차 모니터링\RegFsNotify\Debug\link.9180-cvtres.write.1.tlog
C:\Users\kosta\Documents\2차 모니터링\RegFsNotify\Debug\link.9508.read.1.tlog
C:\Users\kosta\Documents\2차 모니터링\RegFsNotify\Debug\link.9508.write.1.tlog
C:\Users\kosta\Documents\2차 모니터링\RegFsNotify\Debug\link.9508-cvtres.read.1.tlog
C:\Users\kosta\Documents\2차 모니터링\RegFsNotify\Debug\link.9508-cvtres.write.1.tlog
C:\Users\kosta\Documents\2차 모니터링\RegFsNotify\Debug\link.command.1.tlog
C:\Users\kosta\Documents\2차 모니터링\RegFsNotify\Debug\link.read.1.tlog
C:\Users\kosta\Documents\2차 모니터링\RegFsNotify\Debug\link.write.1.tlog
C:\Users\kosta\Documents\2차 모니터링\RegFsNotify\Debug\link-cvtres.read.1.tlog
C:\Users\kosta\Documents\2차 모니터링\RegFsNotify\Debug\link-cvtres.write.1.tlog
C:\Users\kosta\Documents\2차 모니터링\RegFsNotify\Debug\mt.command.1.tlog
C:\Users\kosta\Documents\2차 모니터링\RegFsNotify\Debug\mt.read.1.tlog
C:\Users\kosta\Documents\2차 모니터링\RegFsNotify\Debug\mt.write.1.tlog
C:\USERS\KOSTA\DOCUMENTS\2차 모니터링\REGFSNOTIFY\DEBUG\PROCESSCONTROL.OBJ
C:\Users\kosta\Documents\2차 모니터링\RegFsNotify\Debug\rc.command.1.tlog
C:\Users\kosta\Documents\2차 모니터링\RegFsNotify\Debug\rc.read.1.tlog
C:\Users\kosta\Documents\2차 모니터링\RegFsNotify\Debug\rc.write.1.tlog
C:\USERS\KOSTA\DOCUMENTS\2차 모니터링\REGFSNOTIFY\DEBUG\REG.OBJ
C:\USERS\KOSTA\DOCUMENTS\2차 모니터링\REGFSNOTIFY\DEBUG\REGFSNOTIFY.EXE
C:\Users\kosta\Documents\2차 모니터링\RegFsNotify\Debug\RegFsNotify.exe.embed.manifest
C:\USERS\KOSTA\DOCUMENTS\2차 모니터링\REGFSNOTIFY\DEBUG\REGFSNOTIFY.EXE.EMBED.MANIFEST.RES
C:\USERS\KOSTA\DOCUMENTS\2차 모니터링\REGFSNOTIFY\DEBUG\REGFSNOTIFY.EXE.INTERMEDIATE.MANIFEST
C:\USERS\KOSTA\DOCUMENTS\2차 모니터링\REGFSNOTIFY\DEBUG\REGFSNOTIFY.ILK
C:\USERS\KOSTA\DOCUMENTS\2차 모니터링\REGFSNOTIFY\DEBUG\REGFSNOTIFY.OBJ
C:\USERS\KOSTA\DOCUMENTS\2차 모니터링\REGFSNOTIFY\DEBUG\REGFSNOTIFY.PDB
C:\Users\kosta\Documents\2차 모니터링\RegFsNotify\Debug\RegFsNotify.vcxprojResolveAssemblyReference.cache
C:\Users\kosta\Documents\2차 모니터링\RegFsNotify\Debug\RegFsNotify.write.1.tlog
C:\Users\kosta\Documents\2차 모니터링\RegFsNotify\Debug\RegFsNotify_manifest.rc
C:\USERS\KOSTA\DOCUMENTS\2차 모니터링\REGFSNOTIFY\DEBUG\SETUSER.OBJ
C:\Users\kosta\Documents\2차 모니터링\RegFsNotify\Debug\vc100.idb
C:\USERS\KOSTA\DOCUMENTS\2차 모니터링\REGFSNOTIFY\DEBUG\VC100.PDB
C:\USERS\KOSTA\DOCUMENTS\PWANDA\REGFSNOTIFY\DEBUG\EXTRACTPROCESSNAME.OBJ
C:\USERS\KOSTA\DOCUMENTS\PWANDA\REGFSNOTIFY\DEBUG\FILE.OBJ
C:\USERS\KOSTA\DOCUMENTS\PWANDA\REGFSNOTIFY\DEBUG\MON.OBJ
C:\USERS\KOSTA\DOCUMENTS\PWANDA\REGFSNOTIFY\DEBUG\REG.OBJ
C:\USERS\KOSTA\DOCUMENTS\PWANDA\REGFSNOTIFY\DEBUG\REGFSNOTIFY.EXE
C:\USERS\KOSTA\DOCUMENTS\PWANDA\REGFSNOTIFY\DEBUG\REGFSNOTIFY.EXE.EMBED.MANIFEST
C:\USERS\KOSTA\DOCUMENTS\PWANDA\REGFSNOTIFY\DEBUG\REGFSNOTIFY.EXE.EMBED.MANIFEST.RES
C:\USERS\KOSTA\DOCUMENTS\PWANDA\REGFSNOTIFY\DEBUG\REGFSNOTIFY.EXE.INTERMEDIATE.MANIFEST
C:\USERS\KOSTA\DOCUMENTS\PWANDA\REGFSNOTIFY\DEBUG\REGFSNOTIFY.ILK
C:\USERS\KOSTA\DOCUMENTS\PWANDA\REGFSNOTIFY\DEBUG\REGFSNOTIFY.OBJ
C:\USERS\KOSTA\DOCUMENTS\PWANDA\REGFSNOTIFY\DEBUG\REGFSNOTIFY.PDB
C:\USERS\KOSTA\DOCUMENTS\PWANDA\REGFSNOTIFY\DEBUG\VC100.PDB
C:\USERS\KOSTA\DOCUMENTS\VISUAL STUDIO 2010\PROJECTS\REGFSNOTIFY\DEBUG\EXTRACTPROCESSNAME.OBJ
C:\USERS\KOSTA\DOCUMENTS\VISUAL STUDIO 2010\PROJECTS\REGFSNOTIFY\DEBUG\FILE.OBJ
C:\USERS\KOSTA\DOCUMENTS\VISUAL STUDIO 2010\PROJECTS\REGFSNOTIFY\DEBUG\MON.OBJ
C:\USERS\KOSTA\DOCUMENTS\VISUAL STUDIO 2010\PROJECTS\REGFSNOTIFY\DEBUG\REG.OBJ
C:\USERS\KOSTA\DOCUMENTS\VISUAL STUDIO 2010\PROJECTS\REGFSNOTIFY\DEBUG\REGFSNOTIFY.EXE
C:\USERS\KOSTA\DOCUMENTS\VISUAL STUDIO 2010\PROJECTS\REGFSNOTIFY\DEBUG\REGFSNOTIFY.EXE.EMBED.MANIFEST.RES
C:\USERS\KOSTA\DOCUMENTS\VISUAL STUDIO 2010\PROJECTS\REGFSNOTIFY\DEBUG\REGFSNOTIFY.EXE.INTERMEDIATE.MANIFEST
C:\USERS\KOSTA\DOCUMENTS\VISUAL STUDIO 2010\PROJECTS\REGFSNOTIFY\DEBUG\REGFSNOTIFY.ILK
C:\USERS\KOSTA\DOCUMENTS\VISUAL STUDIO 2010\PROJECTS\REGFSNOTIFY\DEBUG\REGFSNOTIFY.OBJ
C:\USERS\KOSTA\DOCUMENTS\VISUAL STUDIO 2010\PROJECTS\REGFSNOTIFY\DEBUG\REGFSNOTIFY.PDB
C:\USERS\KOSTA\DOCUMENTS\VISUAL STUDIO 2010\PROJECTS\REGFSNOTIFY\DEBUG\VC100.PDB
